The system is: Windows - 10.0.19044 - AMD64
Compiling the C compiler identification source file "CMakeCCompilerId.c" succeeded.
Compiler:  
Build flags: 
Id flags:  

The output was:
0
MSBuild version 17.3.1+2badb37d1 for .NET Framework
Der Buildvorgang wurde am 11.09.2022 19:52:54 gestartet.
Projekt "D:\Daten\GitHub\WireEngine\WireEngine\Includes\glfw-3.3.8\build\CMakeFiles\3.23.0-rc2\CompilerIdC\CompilerIdC.vcxproj" auf Knoten "1" (Standardziele).
PrepareForBuild:
  Das Verzeichnis "Debug\" wird erstellt.
  Das Verzeichnis "Debug\CompilerIdC.tlog\" wird erstellt.
InitializeBuildStatus:
  "Debug\CompilerIdC.tlog\unsuccessfulbuild" wird erstellt, da "AlwaysCreate" angegeben wurde.
VcpkgTripletSelection:
  Using triplet "x64-windows" from "D:\Programme\TEMP\vcpkg\installed\x64-windows\"
ClCompile:
  C:\Program Files\Microsoft Visual Studio\2022\Community\VC\Tools\MSVC\14.33.31629\bin\HostX64\x64\CL.exe /c /I"D:\Programme\TEMP\vcpkg\installed\x64-windows\include" /nologo /W0 /WX- /diagnostics:column /Od /D _MBCS /Gm- /EHsc /RTC1 /MDd /GS /fp:precise /Zc:wchar_t /Zc:forScope /Zc:inline /Fo"Debug\\" /Fd"Debug\vc143.pdb" /external:W0 /Gd /TC /FC /errorReport:queue CMakeCCompilerId.c
  CMakeCCompilerId.c
Link:
  C:\Program Files\Microsoft Visual Studio\2022\Community\VC\Tools\MSVC\14.33.31629\bin\HostX64\x64\link.exe /ERRORREPORT:QUEUE /OUT:".\CompilerIdC.exe" /INCREMENTAL:NO /NOLOGO /LIBPATH:"D:\Programme\TEMP\vcpkg\installed\x64-windows\debug\lib" /LIBPATH:"D:\Programme\TEMP\vcpkg\installed\x64-windows\debug\lib\manual-link" kernel32.lib user32.lib gdi32.lib winspool.lib comdlg32.lib advapi32.lib shell32.lib ole32.lib oleaut32.lib uuid.lib odbc32.lib odbccp32.lib "D:\Programme\TEMP\vcpkg\installed\x64-windows\debug\lib\*.lib" /MANIFEST /MANIFESTUAC:"level='asInvoker' uiAccess='false'" /manifest:embed /PDB:".\CompilerIdC.pdb" /SUBSYSTEM:CONSOLE /TLBID:1 /DYNAMICBASE /NXCOMPAT /IMPLIB:".\CompilerIdC.lib" /MACHINE:X64 Debug\CMakeCCompilerId.obj
  CompilerIdC.vcxproj -> D:\Daten\GitHub\WireEngine\WireEngine\Includes\glfw-3.3.8\build\CMakeFiles\3.23.0-rc2\CompilerIdC\CompilerIdC.exe
AppLocalFromInstalled:
  pwsh.exe -ExecutionPolicy Bypass -noprofile -File "D:\Programme\TEMP\vcpkg\scripts\buildsystems\msbuild\applocal.ps1" "D:\Daten\GitHub\WireEngine\WireEngine\Includes\glfw-3.3.8\build\CMakeFiles\3.23.0-rc2\CompilerIdC\CompilerIdC.exe" "D:\Programme\TEMP\vcpkg\installed\x64-windows\debug\bin" "Debug\CompilerIdC.tlog\CompilerIdC.write.1u.tlog" "Debug\vcpkg.applocal.log"
  Der Befehl "pwsh.exe" ist entweder falsch geschrieben oder
  konnte nicht gefunden werden.
  Der Befehl "pwsh.exe -ExecutionPolicy Bypass -noprofile -File "D:\Programme\TEMP\vcpkg\scripts\buildsystems\msbuild\applocal.ps1" "D:\Daten\GitHub\WireEngine\WireEngine\Includes\glfw-3.3.8\build\CMakeFiles\3.23.0-rc2\CompilerIdC\CompilerIdC.exe" "D:\Programme\TEMP\vcpkg\installed\x64-windows\debug\bin" "Debug\CompilerIdC.tlog\CompilerIdC.write.1u.tlog" "Debug\vcpkg.applocal.log"" wurde mit dem Code 9009 beendet.
  "C:\Windows\System32\WindowsPowerShell\v1.0\powershell.exe" -ExecutionPolicy Bypass -noprofile -File "D:\Programme\TEMP\vcpkg\scripts\buildsystems\msbuild\applocal.ps1" "D:\Daten\GitHub\WireEngine\WireEngine\Includes\glfw-3.3.8\build\CMakeFiles\3.23.0-rc2\CompilerIdC\CompilerIdC.exe" "D:\Programme\TEMP\vcpkg\installed\x64-windows\debug\bin" "Debug\CompilerIdC.tlog\CompilerIdC.write.1u.tlog" "Debug\vcpkg.applocal.log"
PostBuildEvent:
  for %%i in (cl.exe) do @echo CMAKE_C_COMPILER=%%~$PATH:i
  :VCEnd
  CMAKE_C_COMPILER=C:\Program Files\Microsoft Visual Studio\2022\Community\VC\Tools\MSVC\14.33.31629\bin\Hostx64\x64\cl.exe
FinalizeBuildStatus:
  Die Datei "Debug\CompilerIdC.tlog\unsuccessfulbuild" wird gel”scht.
  Aktualisieren des Timestamps von "Debug\CompilerIdC.tlog\CompilerIdC.lastbuildstate".
Die Erstellung von Projekt "D:\Daten\GitHub\WireEngine\WireEngine\Includes\glfw-3.3.8\build\CMakeFiles\3.23.0-rc2\CompilerIdC\CompilerIdC.vcxproj" ist abgeschlossen (Standardziele).

Der Buildvorgang wurde erfolgreich ausgefhrt.
    0 Warnung(en)
    0 Fehler

Verstrichene Zeit 00:00:01.00


Compilation of the C compiler identification source "CMakeCCompilerId.c" produced "CompilerIdC.exe"

Compilation of the C compiler identification source "CMakeCCompilerId.c" produced "CompilerIdC.vcxproj"

The C compiler identification is MSVC, found in "D:/Daten/GitHub/WireEngine/WireEngine/Includes/glfw-3.3.8/build/CMakeFiles/3.23.0-rc2/CompilerIdC/CompilerIdC.exe"

Detecting C compiler ABI info compiled with the following output:
Change Dir: D:/Daten/GitHub/WireEngine/WireEngine/Includes/glfw-3.3.8/build/CMakeFiles/CMakeTmp

Run Build Command(s):C:/Program Files/Microsoft Visual Studio/2022/Community/MSBuild/Current/Bin/amd64/MSBuild.exe cmTC_a20d8.vcxproj /p:Configuration=Debug /p:Platform=x64 /p:VisualStudioVersion=17.0 /v:m && MSBuild version 17.3.1+2badb37d1 for .NET Framework
  Microsoft (R) C/C++-Optimierungscompiler Version 19.33.31629 fr x64
  CMakeCCompilerABI.c
  Copyright (C) Microsoft Corporation. Alle Rechte vorbehalten.
  cl /c /I"D:\Programme\TEMP\vcpkg\installed\x64-windows\include" /Zi /W1 /WX- /diagnostics:column /Od /Ob0 /D _MBCS /D WIN32 /D _WINDOWS /D "CMAKE_INTDIR=\"Debug\"" /Gm- /RTC1 /MDd /GS /fp:precise /Zc:wchar_t /Zc:forScope /Zc:inline /Fo"cmTC_a20d8.dir\Debug\\" /Fd"cmTC_a20d8.dir\Debug\vc143.pdb" /external:W1 /Gd /TC /errorReport:queue "C:\Program Files\CMake\share\cmake-3.23\Modules\CMakeCCompilerABI.c"
  cmTC_a20d8.vcxproj -> D:\Daten\GitHub\WireEngine\WireEngine\Includes\glfw-3.3.8\build\CMakeFiles\CMakeTmp\Debug\cmTC_a20d8.exe



